2025-05-31 14:59:05 [ERROR]: uncaughtException: The "excludeNetwork" argument must be of type boolean. Received undefined
TypeError [ERR_INVALID_ARG_TYPE]: The "excludeNetwork" argument must be of type boolean. Received undefined
    at set.excludeNetwork (https://zp1v56uxy8rdx5ypatb0ockcb9tr6a-oci3.w-credentialless-staticblitz.com/builtins.97a3df4f.js:194:871)
    at getReport (/home/project/node_modules/detect-libc/lib/process.js:16:37)
    at familyFromReport (/home/project/node_modules/detect-libc/lib/detect-libc.js:62:18)
    at Object.familySync (/home/project/node_modules/detect-libc/lib/detect-libc.js:147:16)
    at module.exports.evaluate (/home/project/node_modules/@mapbox/node-pre-gyp/lib/util/versioning.js:305:46)
    at exports.find (/home/project/node_modules/@mapbox/node-pre-gyp/lib/pre-binding.js:32:27)
    at Object.eval (/home/project/node_modules/@tensorflow/tfjs-node/dist/index.js:56:26)
    at Object._0x3ea3b3 (https://zp1v56uxy8rdx5ypatb0ockcb9tr6a-oci3.w-credentialless-staticblitz.com/blitz.55edb8f4.js:31:872225)
    at Module._compile (https://zp1v56uxy8rdx5ypatb0ockcb9tr6a-oci3.w-credentialless-staticblitz.com/builtins.97a3df4f.js:148:16006)
    at Module._extensions..js (https://zp1v56uxy8rdx5ypatb0ockcb9tr6a-oci3.w-credentialless-staticblitz.com/builtins.97a3df4f.js:148:16726) 
TypeError [ERR_INVALID_ARG_TYPE]: The "excludeNetwork" argument must be of type boolean. Received undefined
    at set.excludeNetwork (https://zp1v56uxy8rdx5ypatb0ockcb9tr6a-oci3.w-credentialless-staticblitz.com/builtins.97a3df4f.js:194:871)
    at getReport (/home/project/node_modules/detect-libc/lib/process.js:16:37)
    at familyFromReport (/home/project/node_modules/detect-libc/lib/detect-libc.js:62:18)
    at Object.familySync (/home/project/node_modules/detect-libc/lib/detect-libc.js:147:16)
    at module.exports.evaluate (/home/project/node_modules/@mapbox/node-pre-gyp/lib/util/versioning.js:305:46)
    at exports.find (/home/project/node_modules/@mapbox/node-pre-gyp/lib/pre-binding.js:32:27)
    at Object.eval (/home/project/node_modules/@tensorflow/tfjs-node/dist/index.js:56:26)
    at Object._0x3ea3b3 (https://zp1v56uxy8rdx5ypatb0ockcb9tr6a-oci3.w-credentialless-staticblitz.com/blitz.55edb8f4.js:31:872225)
    at Module._compile (https://zp1v56uxy8rdx5ypatb0ockcb9tr6a-oci3.w-credentialless-staticblitz.com/builtins.97a3df4f.js:148:16006)
    at Module._extensions..js (https://zp1v56uxy8rdx5ypatb0ockcb9tr6a-oci3.w-credentialless-staticblitz.com/builtins.97a3df4f.js:148:16726)
2025-05-31 15:00:31 [ERROR]: uncaughtException: The "excludeNetwork" argument must be of type boolean. Received undefined
TypeError [ERR_INVALID_ARG_TYPE]: The "excludeNetwork" argument must be of type boolean. Received undefined
    at set.excludeNetwork (https://zp1v56uxy8rdx5ypatb0ockcb9tr6a-oci3.w-credentialless-staticblitz.com/builtins.97a3df4f.js:194:871)
    at getReport (/home/project/node_modules/detect-libc/lib/process.js:16:37)
    at familyFromReport (/home/project/node_modules/detect-libc/lib/detect-libc.js:62:18)
    at Object.familySync (/home/project/node_modules/detect-libc/lib/detect-libc.js:147:16)
    at module.exports.evaluate (/home/project/node_modules/@mapbox/node-pre-gyp/lib/util/versioning.js:305:46)
    at exports.find (/home/project/node_modules/@mapbox/node-pre-gyp/lib/pre-binding.js:32:27)
    at Object.eval (/home/project/node_modules/@tensorflow/tfjs-node/dist/index.js:56:26)
    at Object._0x3ea3b3 (https://zp1v56uxy8rdx5ypatb0ockcb9tr6a-oci3.w-credentialless-staticblitz.com/blitz.55edb8f4.js:31:872225)
    at Module._compile (https://zp1v56uxy8rdx5ypatb0ockcb9tr6a-oci3.w-credentialless-staticblitz.com/builtins.97a3df4f.js:148:16006)
    at Module._extensions..js (https://zp1v56uxy8rdx5ypatb0ockcb9tr6a-oci3.w-credentialless-staticblitz.com/builtins.97a3df4f.js:148:16726) 
TypeError [ERR_INVALID_ARG_TYPE]: The "excludeNetwork" argument must be of type boolean. Received undefined
    at set.excludeNetwork (https://zp1v56uxy8rdx5ypatb0ockcb9tr6a-oci3.w-credentialless-staticblitz.com/builtins.97a3df4f.js:194:871)
    at getReport (/home/project/node_modules/detect-libc/lib/process.js:16:37)
    at familyFromReport (/home/project/node_modules/detect-libc/lib/detect-libc.js:62:18)
    at Object.familySync (/home/project/node_modules/detect-libc/lib/detect-libc.js:147:16)
    at module.exports.evaluate (/home/project/node_modules/@mapbox/node-pre-gyp/lib/util/versioning.js:305:46)
    at exports.find (/home/project/node_modules/@mapbox/node-pre-gyp/lib/pre-binding.js:32:27)
    at Object.eval (/home/project/node_modules/@tensorflow/tfjs-node/dist/index.js:56:26)
    at Object._0x3ea3b3 (https://zp1v56uxy8rdx5ypatb0ockcb9tr6a-oci3.w-credentialless-staticblitz.com/blitz.55edb8f4.js:31:872225)
    at Module._compile (https://zp1v56uxy8rdx5ypatb0ockcb9tr6a-oci3.w-credentialless-staticblitz.com/builtins.97a3df4f.js:148:16006)
    at Module._extensions..js (https://zp1v56uxy8rdx5ypatb0ockcb9tr6a-oci3.w-credentialless-staticblitz.com/builtins.97a3df4f.js:148:16726)
2025-05-31 15:16:26 [ERROR]: uncaughtException: The "excludeNetwork" argument must be of type boolean. Received undefined
TypeError [ERR_INVALID_ARG_TYPE]: The "excludeNetwork" argument must be of type boolean. Received undefined
    at set.excludeNetwork (https://zp1v56uxy8rdx5ypatb0ockcb9tr6a-oci3.w-credentialless-staticblitz.com/builtins.97a3df4f.js:194:871)
    at getReport (/home/project/node_modules/detect-libc/lib/process.js:16:37)
    at familyFromReport (/home/project/node_modules/detect-libc/lib/detect-libc.js:62:18)
    at Object.familySync (/home/project/node_modules/detect-libc/lib/detect-libc.js:147:16)
    at module.exports.evaluate (/home/project/node_modules/@mapbox/node-pre-gyp/lib/util/versioning.js:305:46)
    at exports.find (/home/project/node_modules/@mapbox/node-pre-gyp/lib/pre-binding.js:32:27)
    at Object.eval (/home/project/node_modules/@tensorflow/tfjs-node/dist/index.js:56:26)
    at Object._0x3ea3b3 (https://zp1v56uxy8rdx5ypatb0ockcb9tr6a-oci3.w-credentialless-staticblitz.com/blitz.55edb8f4.js:31:872225)
    at Module._compile (https://zp1v56uxy8rdx5ypatb0ockcb9tr6a-oci3.w-credentialless-staticblitz.com/builtins.97a3df4f.js:148:16006)
    at Module._extensions..js (https://zp1v56uxy8rdx5ypatb0ockcb9tr6a-oci3.w-credentialless-staticblitz.com/builtins.97a3df4f.js:148:16726) 
TypeError [ERR_INVALID_ARG_TYPE]: The "excludeNetwork" argument must be of type boolean. Received undefined
    at set.excludeNetwork (https://zp1v56uxy8rdx5ypatb0ockcb9tr6a-oci3.w-credentialless-staticblitz.com/builtins.97a3df4f.js:194:871)
    at getReport (/home/project/node_modules/detect-libc/lib/process.js:16:37)
    at familyFromReport (/home/project/node_modules/detect-libc/lib/detect-libc.js:62:18)
    at Object.familySync (/home/project/node_modules/detect-libc/lib/detect-libc.js:147:16)
    at module.exports.evaluate (/home/project/node_modules/@mapbox/node-pre-gyp/lib/util/versioning.js:305:46)
    at exports.find (/home/project/node_modules/@mapbox/node-pre-gyp/lib/pre-binding.js:32:27)
    at Object.eval (/home/project/node_modules/@tensorflow/tfjs-node/dist/index.js:56:26)
    at Object._0x3ea3b3 (https://zp1v56uxy8rdx5ypatb0ockcb9tr6a-oci3.w-credentialless-staticblitz.com/blitz.55edb8f4.js:31:872225)
    at Module._compile (https://zp1v56uxy8rdx5ypatb0ockcb9tr6a-oci3.w-credentialless-staticblitz.com/builtins.97a3df4f.js:148:16006)
    at Module._extensions..js (https://zp1v56uxy8rdx5ypatb0ockcb9tr6a-oci3.w-credentialless-staticblitz.com/builtins.97a3df4f.js:148:16726)
